<?xml version="1.0" encoding="UTF-8"?>
<!-- Generated by org.testng.reporters.JUnitXMLReporter -->
<testsuite ignored="3" hostname="DESKTOP-K8U4OTN" failures="0" tests="1" name="Default test" time="0.103" errors="0" timestamp="2023-10-25T17:51:50 IST">
  <testcase classname="Arrays.Additionoftwoarrays" name="lk" time="0.021"/>
  <testcase classname="Arrays.Additionoftwoarrays" name="Additing" time="0.0">
    <ignored/>
  </testcase> <!-- Additing -->
  <testcase classname="Arrays.Additionoftwoarrays" name="merge" time="0.0">
    <ignored/>
  </testcase> <!-- merge -->
  <testcase classname="Arrays.Additionoftwoarrays" name="pattern2" time="0.0">
    <ignored/>
  </testcase> <!-- pattern2 -->
</testsuite> <!-- Default test -->
