<?xml version="1.0" encoding="UTF-8"?>
<testng-results ignored="0" total="1" passed="1" failed="0" skipped="0">
  <reporter-output>
  </reporter-output>
  <suite started-at="2023-10-31T15:00:23 IST" name="Default suite" finished-at="2023-10-31T15:00:23 IST" duration-ms="113">
    <groups>
    </groups>
    <test started-at="2023-10-31T15:00:23 IST" name="Default test" finished-at="2023-10-31T15:00:23 IST" duration-ms="113">
      <class name="InterviewPrograms.rev">
        <test-method signature="rever()[pri:0, instance:InterviewPrograms.rev@6af93788]" started-at="2023-10-31T15:00:23 IST" name="rever" finished-at="2023-10-31T15:00:23 IST" duration-ms="15" status="PASS">
          <reporter-output>
          </reporter-output>
        </test-method> <!-- rever -->
      </class> <!-- InterviewPrograms.rev -->
    </test> <!-- Default test -->
  </suite> <!-- Default suite -->
</testng-results>
