<?xml version="1.0" encoding="UTF-8"?>
<testng-results ignored="3" total="4" passed="1" failed="0" skipped="0">
  <reporter-output>
  </reporter-output>
  <suite started-at="2023-10-25T17:51:50 IST" name="Default suite" finished-at="2023-10-25T17:51:50 IST" duration-ms="103">
    <groups>
    </groups>
    <test started-at="2023-10-25T17:51:50 IST" name="Default test" finished-at="2023-10-25T17:51:50 IST" duration-ms="103">
      <class name="Arrays.Additionoftwoarrays">
        <test-method signature="lk()[pri:0, instance:Arrays.Additionoftwoarrays@5be6e01c]" started-at="2023-10-25T17:51:50 IST" name="lk" finished-at="2023-10-25T17:51:50 IST" duration-ms="21" status="PASS">
          <reporter-output>
          </reporter-output>
        </test-method> <!-- lk -->
      </class> <!-- Arrays.Additionoftwoarrays -->
    </test> <!-- Default test -->
  </suite> <!-- Default suite -->
</testng-results>
